<?xml version="1.0" encoding="UTF-8"?>
<!-- Generated by org.testng.reporters.JUnitReportReporter -->
<testsuite hostname="IL-IT-PRAVEENT" failures="0" tests="22" name="com.unified.infinity.uitest.admin.UnifiedTests" time="340.095" errors="0" timestamp="2023-02-17T23:14:16 IST" skipped="9">
  <testcase classname="com.unified.infinity.uitest.admin.UnifiedTests" name="SignUP2" time="10.186"/>
  <system-out/>
  <testcase classname="com.unified.infinity.uitest.admin.UnifiedTests" name="SignUP3" time="16.155"/>
  <system-out/>
  <testcase classname="com.unified.infinity.uitest.admin.UnifiedTests" name="SignUP4" time="11.727"/>
  <system-out/>
  <testcase classname="com.unified.infinity.uitest.admin.UnifiedTests" name="UnifiedOtp2" time="16.763"/>
  <system-out/>
  <testcase classname="com.unified.infinity.uitest.admin.UnifiedTests" name="UnifiedOtp3" time="12.245"/>
  <system-out/>
  <testcase classname="com.unified.infinity.uitest.admin.UnifiedTests" name="UnifiedForgotPass2" time="16.899"/>
  <system-out/>
  <testcase classname="com.unified.infinity.uitest.admin.UnifiedTests" name="UnifiedForgotPass3" time="13.712"/>
  <system-out/>
  <testcase classname="com.unified.infinity.uitest.admin.UnifiedTests" name="SignWithPassword" time="18.939"/>
  <system-out/>
  <testcase classname="com.unified.infinity.uitest.admin.UnifiedTests" name="SignInwithPassword2" time="14.518"/>
  <system-out/>
  <testcase classname="com.unified.infinity.uitest.admin.UnifiedTests" name="SignInwithPassword3" time="15.744"/>
  <system-out/>
  <testcase classname="com.unified.infinity.uitest.admin.UnifiedTests" name="MCTTests" time="90.540"/>
  <system-out/>
  <testcase classname="com.unified.infinity.uitest.admin.UnifiedTests" name="FreeMasterClass" time="13.731"/>
  <system-out/>
  <testcase classname="com.unified.infinity.uitest.admin.UnifiedTests" name="CYOT" time="88.936"/>
  <system-out/>
  <testcase classname="com.unified.infinity.uitest.admin.UnifiedTests" name="PYPTests">
    <skipped/>
  </testcase> <!-- PYPTests -->
  <system-out/>
  <testcase classname="com.unified.infinity.uitest.admin.UnifiedTests" name="UnifiedForgotPass">
    <skipped/>
  </testcase> <!-- UnifiedForgotPass -->
  <system-out/>
  <testcase classname="com.unified.infinity.uitest.admin.UnifiedTests" name="SignUP">
    <skipped/>
  </testcase> <!-- SignUP -->
  <system-out/>
  <testcase classname="com.unified.infinity.uitest.admin.UnifiedTests" name="HomePage">
    <skipped/>
  </testcase> <!-- HomePage -->
  <system-out/>
  <testcase classname="com.unified.infinity.uitest.admin.UnifiedTests" name="RAPDailyTest">
    <skipped/>
  </testcase> <!-- RAPDailyTest -->
  <system-out/>
  <testcase classname="com.unified.infinity.uitest.admin.UnifiedTests" name="ILTSTest">
    <skipped/>
  </testcase> <!-- ILTSTest -->
  <system-out/>
  <testcase classname="com.unified.infinity.uitest.admin.UnifiedTests" name="Learn">
    <skipped/>
  </testcase> <!-- Learn -->
  <system-out/>
  <testcase classname="com.unified.infinity.uitest.admin.UnifiedTests" name="UnifiedOtp">
    <skipped/>
  </testcase> <!-- UnifiedOtp -->
  <system-out/>
  <testcase classname="com.unified.infinity.uitest.admin.UnifiedTests" name="RAPTestSeries">
    <skipped/>
  </testcase> <!-- RAPTestSeries -->
  <system-out/>
</testsuite> <!-- com.unified.infinity.uitest.admin.UnifiedTests -->
