<?xml version="1.0" encoding="UTF-8"?>
<!-- Generated by org.testng.reporters.JUnitReportReporter -->
<testsuite hostname="DESKTOP-9G3E9V2" failures="0" tests="1" name="com.unified.infinity.uitest.admin.Doubts" time="13.930" errors="0" timestamp="2022-12-21T15:35:59 IST" skipped="0">
  <testcase classname="com.unified.infinity.uitest.admin.Doubts" name="Doubts" time="13.930"/>
  <system-out/>
</testsuite> <!-- com.unified.infinity.uitest.admin.Doubts -->
