<?xml version="1.0" encoding="UTF-8"?>
<!-- Generated by org.testng.reporters.JUnitReportReporter -->
<testsuite hostname="IL-IT-PRAVEENT" failures="0" tests="1" name="com.unified.infinity.uitest.admin.Subscriptions" time="78.543" errors="0" timestamp="2023-02-17T23:14:16 IST" skipped="0">
  <testcase classname="com.unified.infinity.uitest.admin.Subscriptions" name="Subscriptions" time="78.543"/>
  <system-out/>
</testsuite> <!-- com.unified.infinity.uitest.admin.Subscriptions -->
