<?xml version="1.0" encoding="UTF-8"?>
<!-- Generated by org.testng.reporters.JUnitReportReporter -->
<testsuite hostname="IL-IT-PRAVEENT" failures="0" tests="1" name="com.unified.infinity.uitest.admin.Subscriptions" time="77.341" errors="0" timestamp="2023-02-20T19:07:06 IST" skipped="0">
  <testcase classname="com.unified.infinity.uitest.admin.Subscriptions" name="Subscriptions" time="77.341"/>
  <system-out/>
</testsuite> <!-- com.unified.infinity.uitest.admin.Subscriptions -->
